2024-05-21T13:04:44: PM2 log: ===============================================================================
2024-05-21T13:04:44: PM2 log: --- New PM2 Daemon started ----------------------------------------------------
2024-05-21T13:04:44: PM2 log: Time                 : Tue May 21 2024 13:04:44 GMT+0000 (Coordinated Universal Time)
2024-05-21T13:04:44: PM2 log: PM2 version          : 5.3.1
2024-05-21T13:04:44: PM2 log: Node.js version      : 18.19.1
2024-05-21T13:04:44: PM2 log: Current arch         : x64
2024-05-21T13:04:44: PM2 log: PM2 home             : /home/ubuntu/.pm2
2024-05-21T13:04:44: PM2 log: PM2 PID file         : /home/ubuntu/.pm2/pm2.pid
2024-05-21T13:04:44: PM2 log: RPC socket file      : /home/ubuntu/.pm2/rpc.sock
2024-05-21T13:04:44: PM2 log: BUS socket file      : /home/ubuntu/.pm2/pub.sock
2024-05-21T13:04:44: PM2 log: Application log path : /home/ubuntu/.pm2/logs
2024-05-21T13:04:44: PM2 log: Worker Interval      : 30000
2024-05-21T13:04:44: PM2 log: Process dump file    : /home/ubuntu/.pm2/dump.pm2
2024-05-21T13:04:44: PM2 log: Concurrent actions   : 2
2024-05-21T13:04:44: PM2 log: SIGTERM timeout      : 1600
2024-05-21T13:04:44: PM2 log: ===============================================================================
2024-05-21T13:04:53: PM2 log: App [index:0] starting in -fork mode-
2024-05-21T13:04:53: PM2 log: App [index:0] online
2024-05-21T17:37:58: PM2 log: Stopping app:index id:0
2024-05-21T17:37:58: PM2 log: App [index:0] exited with code [0] via signal [SIGINT]
2024-05-21T17:37:59: PM2 log: pid=8148 msg=process killed
2024-05-21T17:37:59: PM2 log: App [index:0] starting in -fork mode-
2024-05-21T17:37:59: PM2 log: App [index:0] online
2024-05-21T17:47:24: PM2 log: pm2 has been killed by signal, dumping process list before exit...
2024-05-21T17:47:24: PM2 log: Deleting process 0
2024-05-21T17:47:24: PM2 log: Stopping app:index id:0
2024-05-21T17:47:24: PM2 log: App [index:0] exited with code [0] via signal [SIGHUP]
2024-05-21T17:47:24: PM2 log: pid=10446 msg=process killed
2024-05-21T17:47:24: PM2 log: Exited peacefully
